#-----------------------------------------------------------
# Vivado v2018.3 (64-bit)
# SW Build 2405991 on Thu Dec  6 23:38:27 MST 2018
# IP Build 2404404 on Fri Dec  7 01:43:56 MST 2018
# Start of session at: Mon Feb 21 17:13:56 2022
# Process ID: 14940
# Current directory: C:/Users/Dell/OneDrive/Desktop/m_p_AES/m_p_project_1
# Command line: vivado.exe -gui_launcher_event rodinguilauncherevent23964 C:\Users\Dell\OneDrive\Desktop\m_p_AES\m_p_project_1\m_p_project_1.xpr
# Log file: C:/Users/Dell/OneDrive/Desktop/m_p_AES/m_p_project_1/vivado.log
# Journal file: C:/Users/Dell/OneDrive/Desktop/m_p_AES/m_p_project_1\vivado.jou
#-----------------------------------------------------------
start_gui
open_project C:/Users/Dell/OneDrive/Desktop/m_p_AES/m_p_project_1/m_p_project_1.xpr
Scanning sources...
Finished scanning sources
INFO: [IP_Flow 19-234] Refreshing IP repositories
INFO: [IP_Flow 19-1704] No user IP repositories specified
INFO: [IP_Flow 19-2313] Loaded Vivado IP repository 'C:/Xilinx/Vivado/2018.3/data/ip'.
open_project: Time (s): cpu = 00:00:15 ; elapsed = 00:00:07 . Memory (MB): peak = 797.168 ; gain = 161.199
update_compile_order -fileset sources_1
exit
INFO: [Common 17-206] Exiting Vivado at Mon Feb 21 17:22:47 2022...
